Lmod has detected the following error: The following module(s) are unknown:
"anaconda3/2023.07-2"

Please check the spelling or version number. Also try "module spider ..."
It is also possible your cache file is out-of-date; it may help to try:
  $ module --ignore_cache load "anaconda3/2023.07-2"

Also make sure that all modulefiles written in TCL start with the string
#%Module



/var/spool/slurm/slurmd/job9015991/slurm_script: line 18: activate: No such file or directory
Traceback (most recent call last):
  File "/gpfs/home4/scur2598/Deepl_repo_snellius/assignment3/part1/train_pl.py", line 21, in <module>
    import torch
ModuleNotFoundError: No module named 'torch'
srun: error: gcn22: task 0: Exited with exit code 1
srun: Terminating StepId=9015991.0

JOB STATISTICS
==============
Job ID: 9015991
Cluster: snellius
User/Group: scur2598/scur2598
State: FAILED (exit code 1)
Nodes: 1
Cores per node: 18
CPU Utilized: 00:00:03
CPU Efficiency: 1.28% of 00:03:54 core-walltime
Job Wall-clock time: 00:00:13
Memory Utilized: 2.07 MB
Memory Efficiency: 0.01% of 31.25 GB
